<?xml version="1.0" encoding="UTF-8"?>
<!-- Generated by org.testng.reporters.JUnitReportReporter -->
<testsuite hostname="HP" name="com.jbk.qa.testcases.LoginPageTest" tests="3" failures="0" timestamp="25 Sep 2019 07:01:57 GMT" time="0.304" errors="0">
  <testcase name="loginPageTitleTest" time="0.011" classname="com.jbk.qa.testcases.LoginPageTest"/>
  <testcase name="loginTest" time="0.224" classname="com.jbk.qa.testcases.LoginPageTest"/>
  <testcase name="crmLogoImageTest" time="0.069" classname="com.jbk.qa.testcases.LoginPageTest"/>
</testsuite> <!-- com.jbk.qa.testcases.LoginPageTest -->
